<?xml version="1.0" encoding="UTF-8"?>
<!-- Generated by org.testng.reporters.JUnitXMLReporter -->
<testsuite hostname="LAPTOP-601OB7PA" ignored="7" name="Test" tests="3" failures="2" timestamp="27 Aug 2018 15:58:31 GMT" time="0.056" errors="0">
  <testcase name="test1" time="0.013" classname="com.java.selenium.TestNGAssertion">
    <failure type="java.lang.AssertionError" message="expected [true] but found [false]">
      <![CDATA[java.lang.AssertionError: expected [true] but found [false]
at com.java.selenium.TestNGAssertion.test1(TestNGAssertion.java:11)
... Removed 29 stack frames]]>
    </failure>
  </testcase> <!-- test1 -->
  <testcase name="test6" time="0.001" classname="com.java.selenium.TestNGAssertion"/>
  <testcase name="test9" time="0.001" classname="com.java.selenium.TestNGAssertion">
    <failure type="java.lang.AssertionError" message="null">
      <![CDATA[java.lang.AssertionError: null
at com.java.selenium.TestNGAssertion.test9(TestNGAssertion.java:50)
... Removed 28 stack frames]]>
    </failure>
  </testcase> <!-- test9 -->
  <testcase name="test2" time="0.0" classname="com.java.selenium.TestNGAssertion">
    <ignored/>
  </testcase> <!-- test2 -->
  <testcase name="test5" time="0.0" classname="com.java.selenium.TestNGAssertion">
    <ignored/>
  </testcase> <!-- test5 -->
  <testcase name="test4" time="0.0" classname="com.java.selenium.TestNGAssertion">
    <ignored/>
  </testcase> <!-- test4 -->
  <testcase name="test7" time="0.0" classname="com.java.selenium.TestNGAssertion">
    <ignored/>
  </testcase> <!-- test7 -->
  <testcase name="test8" time="0.0" classname="com.java.selenium.TestNGAssertion">
    <ignored/>
  </testcase> <!-- test8 -->
  <testcase name="test10" time="0.0" classname="com.java.selenium.TestNGAssertion">
    <ignored/>
  </testcase> <!-- test10 -->
  <testcase name="test3" time="0.0" classname="com.java.selenium.TestNGAssertion">
    <ignored/>
  </testcase> <!-- test3 -->
</testsuite> <!-- Test -->
